3654234939
2494358641
2105127271
3799017846
2615605646
1749627945
1970540506
709044199
3124129568
3950087989
2336235974
2494358641
2336235974
3124129568
3654234939
2640330713
3124129568
2696833371
2615605646
1696268905
1954057128
3228893195
2696833371
1801032532
4068191376
3562811072
2465724668
3562811072
1749627945
569359363
3562811072
2696833371
2336235974
3027607630
2615605646
3860618575
2615605646
1749627945
569359363
3860618575
2696833371
3562811072
4068191376
2640330713
3860618575
4068191376
2465724668
4068191376
1970540506
3027607630
1954057128
3654234939
1970540506
1801032532
2696833371
3124129568
2615605646
2336235974
2080402204
2494358641
2080402204
2494358641
2105127271
2465724668
3950087989
1970540506
4068191376
2105127271
3562811072
4068191376
3799017846
1696268905
2640330713
1458872966
3027607630
1458872966
2494358641
1954057128
3654234939
1954057128
1801032532
1954057128
3799017846
2696833371
709044199
1749627945
2494358641
3228893195
2105127271
3799017846
1801032532
3562811072
3228893195
2615605646
709044199
3654234939
3027607630
3950087989
2080402204
2696833371
