1 195
1 96
1 349
1 402
3 12
1 254
1 215
1 3
2 61
1 444
2 404
1 13
1 128
1 482
2 120
2 116
1 98
1 68
3 425
1 124
1 325
1 119
1 340
3 333
1 75
1 288
2 31
1 305
1 52
1 160
1 477
1 143
1 151
1 72
2 33
1 333
1 226
1 317
2 56
1 40
1 92
1 313
1 390
1 484
3 127
3 115
1 458
1 340
1 478
1 113
1 176
2 491
1 28
2 152
1 118
1 307
1 277
1 281
1 185
1 403
2 18
3 107
2 169
1 420
1 115
1 15
1 100
2 40
2 155
2 286
2 487
1 123
1 3
1 149
1 301
2 315
1 129
2 35
1 83
1 41
1 437
3 234
1 164
1 199
3 429
1 308
2 497
1 146
1 137
2 25
3 144
1 376
1 333
1 246
1 144
2 309
2 366
2 444
2 203
